<?xml version="1.0" encoding="UTF-8"?>
<!-- Generated by org.testng.reporters.JUnitReportReporter -->
<testsuite hostname="ASDA0024" name="com.qait.automation.YamlTest.YamlTesting" tests="1" failures="0" timestamp="27 Jul 2018 05:37:54 GMT" time="0.006" errors="0">
  <testcase name="readvalues" time="0.006" classname="com.qait.automation.YamlTest.YamlTesting"/>
</testsuite> <!-- com.qait.automation.YamlTest.YamlTesting -->
